Error: Unable to access jarfile zipkin.jar
                                    ********
                                  **        **
                                 *            *
                                **            **
                                **            **
                                 **          **
                                  **        **
                                    ********
                                      ****
                                      ****
        ****                          ****
     ******                           ****                                 ***
  ****************************************************************************
    *******                           ****                                 ***
        ****                          ****
                                       **
                                       **


             *****      **     *****     ** **       **     **   **
               **       **     **  *     ***         **     **** **
              **        **     *****     ****        **     **  ***
             ******     **     **        **  **      **     **   **

:: Powered by Spring Boot ::         (v1.5.10.RELEASE)

2018-03-20 16:57:44.692  INFO [/] 48863 --- [           main] zipkin.server.ZipkinServer               : Starting ZipkinServer on yuyideMacBook-Pro.local with PID 48863 (/Users/yuyi/Code/go/gokit/zipkin/zipkin-server-2.6.0-exec.jar started by yuyi in /Users/yuyi/Code/go/gokit/zipkin)
2018-03-20 16:57:44.697  INFO [/] 48863 --- [           main] zipkin.server.ZipkinServer               : The following profiles are active: shared
2018-03-20 16:57:44.836  INFO [/] 48863 --- [           main] ationConfigEmbeddedWebApplicationContext : Refreshing org.springframework.boot.context.embedded.AnnotationConfigEmbeddedWebApplicationContext@598067a5: startup date [Tue Mar 20 16:57:44 CST 2018]; root of context hierarchy
2018-03-20 16:57:46.244  INFO [/] 48863 --- [           main] o.s.b.f.s.DefaultListableBeanFactory     : Overriding bean definition for bean 'characterEncodingFilter' with a different definition: replacing [Root bean: class [null]; scope=; abstract=false; lazyInit=false; autowireMode=3; dependencyCheck=0; autowireCandidate=true; primary=false; factoryBeanName=org.springframework.boot.autoconfigure.web.HttpEncodingAutoConfiguration; factoryMethodName=characterEncodingFilter; initMethodName=null; destroyMethodName=(inferred); defined in class path resource [org/springframework/boot/autoconfigure/web/HttpEncodingAutoConfiguration.class]] with [Root bean: class [null]; scope=; abstract=false; lazyInit=false; autowireMode=3; dependencyCheck=0; autowireCandidate=true; primary=false; factoryBeanName=zipkin.autoconfigure.ui.ZipkinUiAutoConfiguration; factoryMethodName=characterEncodingFilter; initMethodName=null; destroyMethodName=(inferred); defined in class path resource [zipkin/autoconfigure/ui/ZipkinUiAutoConfiguration.class]]
2018-03-20 16:57:48.578  INFO [/] 48863 --- [           main] org.xnio                                 : XNIO version 3.3.8.Final
2018-03-20 16:57:48.630  INFO [/] 48863 --- [           main] org.xnio.nio                             : XNIO NIO Implementation Version 3.3.8.Final
2018-03-20 16:57:48.863  WARN [/] 48863 --- [           main] io.undertow.websockets.jsr               : UT026009: XNIO worker was not set on WebSocketDeploymentInfo, the default worker will be used
2018-03-20 16:57:48.863  WARN [/] 48863 --- [           main] io.undertow.websockets.jsr               : UT026010: Buffer pool was not set on WebSocketDeploymentInfo, the default pool will be used
2018-03-20 16:57:48.916  INFO [/] 48863 --- [           main] io.undertow.servlet                      : Initializing Spring embedded WebApplicationContext
2018-03-20 16:57:48.917  INFO [/] 48863 --- [           main] o.s.web.context.ContextLoader            : Root WebApplicationContext: initialization completed in 4085 ms
2018-03-20 16:57:49.704  INFO [/] 48863 --- [           main] o.s.b.w.servlet.ServletRegistrationBean  : Mapping servlet: 'dispatcherServlet' to [/]
2018-03-20 16:57:49.717  INFO [/] 48863 --- [           main] o.s.b.w.servlet.FilterRegistrationBean   : Mapping filter: 'metricsFilter' to: [/*]
2018-03-20 16:57:49.720  INFO [/] 48863 --- [           main] o.s.b.w.servlet.FilterRegistrationBean   : Mapping filter: 'hiddenHttpMethodFilter' to: [/*]
2018-03-20 16:57:49.720  INFO [/] 48863 --- [           main] o.s.b.w.servlet.FilterRegistrationBean   : Mapping filter: 'httpPutFormContentFilter' to: [/*]
2018-03-20 16:57:49.720  INFO [/] 48863 --- [           main] o.s.b.w.servlet.FilterRegistrationBean   : Mapping filter: 'requestContextFilter' to: [/*]
2018-03-20 16:57:49.721  INFO [/] 48863 --- [           main] o.s.b.w.servlet.FilterRegistrationBean   : Mapping filter: 'webRequestLoggingFilter' to: [/*]
2018-03-20 16:57:49.721  INFO [/] 48863 --- [           main] o.s.b.w.servlet.FilterRegistrationBean   : Mapping filter: 'applicationContextIdFilter' to: [/*]
2018-03-20 16:57:49.721  INFO [/] 48863 --- [           main] o.s.b.w.servlet.FilterRegistrationBean   : Mapping filter: 'characterEncodingFilter' to: [/*]
2018-03-20 16:57:51.009  INFO [/] 48863 --- [           main] s.w.s.m.m.a.RequestMappingHandlerAdapter : Looking for @ControllerAdvice: org.springframework.boot.context.embedded.AnnotationConfigEmbeddedWebApplicationContext@598067a5: startup date [Tue Mar 20 16:57:44 CST 2018]; root of context hierarchy
2018-03-20 16:57:51.162  INFO [/] 48863 --- [           main] s.w.s.m.m.a.RequestMappingHandlerMapping : Mapped "{[/api/v1/dependencies],methods=[GET],produces=[application/json]}" onto public byte[] zipkin.server.ZipkinQueryApiV1.getDependencies(long,java.lang.Long)
2018-03-20 16:57:51.163  INFO [/] 48863 --- [           main] s.w.s.m.m.a.RequestMappingHandlerMapping : Mapped "{[/api/v1/services],methods=[GET]}" onto public org.springframework.http.ResponseEntity<java.util.List<java.lang.String>> zipkin.server.ZipkinQueryApiV1.getServiceNames()
2018-03-20 16:57:51.164  INFO [/] 48863 --- [           main] s.w.s.m.m.a.RequestMappingHandlerMapping : Mapped "{[/api/v1/spans],methods=[GET]}" onto public org.springframework.http.ResponseEntity<java.util.List<java.lang.String>> zipkin.server.ZipkinQueryApiV1.getSpanNames(java.lang.String)
2018-03-20 16:57:51.164  INFO [/] 48863 --- [           main] s.w.s.m.m.a.RequestMappingHandlerMapping : Mapped "{[/api/v1/traces],methods=[GET],produces=[application/json]}" onto public java.lang.String zipkin.server.ZipkinQueryApiV1.getTraces(java.lang.String,java.lang.String,java.lang.String,java.lang.Long,java.lang.Long,java.lang.Long,java.lang.Long,java.lang.Integer)
2018-03-20 16:57:51.165  INFO [/] 48863 --- [           main] s.w.s.m.m.a.RequestMappingHandlerMapping : Mapped "{[/api/v1/trace/{traceIdHex}],methods=[GET],produces=[application/json]}" onto public java.lang.String zipkin.server.ZipkinQueryApiV1.getTrace(java.lang.String,org.springframework.web.context.request.WebRequest)
2018-03-20 16:57:51.167  INFO [/] 48863 --- [           main] s.w.s.m.m.a.RequestMappingHandlerMapping : Mapped "{[/api/v2/dependencies],methods=[GET],produces=[application/json]}" onto public byte[] zipkin.server.ZipkinQueryApiV2.getDependencies(long,java.lang.Long) throws java.io.IOException
2018-03-20 16:57:51.168  INFO [/] 48863 --- [           main] s.w.s.m.m.a.RequestMappingHandlerMapping : Mapped "{[/api/v2/services],methods=[GET]}" onto public org.springframework.http.ResponseEntity<java.util.List<java.lang.String>> zipkin.server.ZipkinQueryApiV2.getServiceNames() throws java.io.IOException
2018-03-20 16:57:51.168  INFO [/] 48863 --- [           main] s.w.s.m.m.a.RequestMappingHandlerMapping : Mapped "{[/api/v2/spans],methods=[GET]}" onto public org.springframework.http.ResponseEntity<java.util.List<java.lang.String>> zipkin.server.ZipkinQueryApiV2.getSpanNames(java.lang.String) throws java.io.IOException
2018-03-20 16:57:51.168  INFO [/] 48863 --- [           main] s.w.s.m.m.a.RequestMappingHandlerMapping : Mapped "{[/api/v2/traces],methods=[GET],produces=[application/json]}" onto public java.lang.String zipkin.server.ZipkinQueryApiV2.getTraces(java.lang.String,java.lang.String,java.lang.String,java.lang.Long,java.lang.Long,java.lang.Long,java.lang.Long,int) throws java.io.IOException
2018-03-20 16:57:51.169  INFO [/] 48863 --- [           main] s.w.s.m.m.a.RequestMappingHandlerMapping : Mapped "{[/api/v2/trace/{traceIdHex}],methods=[GET],produces=[application/json]}" onto public java.lang.String zipkin.server.ZipkinQueryApiV2.getTrace(java.lang.String,org.springframework.web.context.request.WebRequest) throws java.io.IOException
2018-03-20 16:57:51.171  INFO [/] 48863 --- [           main] s.w.s.m.m.a.RequestMappingHandlerMapping : Mapped "{[/error]}" onto public org.springframework.http.ResponseEntity<java.util.Map<java.lang.String, java.lang.Object>> org.springframework.boot.autoconfigure.web.BasicErrorController.error(javax.servlet.http.HttpServletRequest)
2018-03-20 16:57:51.172  INFO [/] 48863 --- [           main] s.w.s.m.m.a.RequestMappingHandlerMapping : Mapped "{[/error],produces=[text/html]}" onto public org.springframework.web.servlet.ModelAndView org.springframework.boot.autoconfigure.web.BasicErrorController.errorHtml(javax.servlet.http.HttpServletRequest,javax.servlet.http.HttpServletResponse)
2018-03-20 16:57:51.179  INFO [/] 48863 --- [           main] s.w.s.m.m.a.RequestMappingHandlerMapping : Mapped "{[/zipkin/config.json],methods=[GET]}" onto public org.springframework.http.ResponseEntity<zipkin.autoconfigure.ui.ZipkinUiProperties> zipkin.autoconfigure.ui.ZipkinUiAutoConfiguration.serveUiConfig()
2018-03-20 16:57:51.180  INFO [/] 48863 --- [           main] s.w.s.m.m.a.RequestMappingHandlerMapping : Mapped "{[/zipkin/index.html],methods=[GET]}" onto public org.springframework.http.ResponseEntity<?> zipkin.autoconfigure.ui.ZipkinUiAutoConfiguration.serveIndex() throws java.io.IOException
2018-03-20 16:57:51.180  INFO [/] 48863 --- [           main] s.w.s.m.m.a.RequestMappingHandlerMapping : Mapped "{[/zipkin/ || /zipkin/traces/{id} || /zipkin/dependency || /zipkin/traceViewer],methods=[GET]}" onto public org.springframework.web.servlet.ModelAndView zipkin.autoconfigure.ui.ZipkinUiAutoConfiguration.forwardUiEndpoints()
2018-03-20 16:57:51.181  INFO [/] 48863 --- [           main] s.w.s.m.m.a.RequestMappingHandlerMapping : Mapped "{[/zipkin/api/**],methods=[GET]}" onto public org.springframework.web.servlet.ModelAndView zipkin.autoconfigure.ui.ZipkinUiAutoConfiguration.forwardApi(javax.servlet.http.HttpServletRequest)
2018-03-20 16:57:51.181  INFO [/] 48863 --- [           main] s.w.s.m.m.a.RequestMappingHandlerMapping : Mapped "{[/favicon.ico],methods=[GET]}" onto public org.springframework.web.servlet.ModelAndView zipkin.autoconfigure.ui.ZipkinUiAutoConfiguration.favicon()
2018-03-20 16:57:51.181  INFO [/] 48863 --- [           main] s.w.s.m.m.a.RequestMappingHandlerMapping : Mapped "{[/],methods=[GET]}" onto public void zipkin.autoconfigure.ui.ZipkinUiAutoConfiguration.redirectRoot(javax.servlet.http.HttpServletResponse) throws java.io.IOException
2018-03-20 16:57:51.246  INFO [/] 48863 --- [           main] o.s.w.s.handler.SimpleUrlHandlerMapping  : Mapped URL path [/webjars/**] onto handler of type [class org.springframework.web.servlet.resource.ResourceHttpRequestHandler]
2018-03-20 16:57:51.247  INFO [/] 48863 --- [           main] o.s.w.s.handler.SimpleUrlHandlerMapping  : Mapped URL path [/**] onto handler of type [class org.springframework.web.servlet.resource.ResourceHttpRequestHandler]
2018-03-20 16:57:51.247  INFO [/] 48863 --- [           main] o.s.w.s.handler.SimpleUrlHandlerMapping  : Mapped URL path [/zipkin/**] onto handler of type [class org.springframework.web.servlet.resource.ResourceHttpRequestHandler]
2018-03-20 16:57:51.508  INFO [/] 48863 --- [           main] c.d.driver.core.GuavaCompatibility       : Detected Guava >= 19 in the classpath, using modern compatibility layer
2018-03-20 16:57:52.124  INFO [/] 48863 --- [           main] com.datastax.driver.core.ClockFactory    : Using native clock to generate timestamps.
2018-03-20 16:57:53.185  INFO [/] 48863 --- [           main] o.s.b.a.e.mvc.EndpointHandlerMapping     : Mapped "{[/beans || /beans.json],methods=[GET],produces=[application/vnd.spring-boot.actuator.v1+json || application/json]}" onto public java.lang.Object org.springframework.boot.actuate.endpoint.mvc.EndpointMvcAdapter.invoke()
2018-03-20 16:57:53.188  INFO [/] 48863 --- [           main] o.s.b.a.e.mvc.EndpointHandlerMapping     : Mapped "{[/prometheus || /prometheus.json],methods=[GET],produces=[*/*]}" onto public org.springframework.http.ResponseEntity io.prometheus.client.spring.boot.PrometheusMvcEndpoint.value(java.util.Set<java.lang.String>)
2018-03-20 16:57:53.189  INFO [/] 48863 --- [           main] o.s.b.a.e.mvc.EndpointHandlerMapping     : Mapped "{[/prometheus || /prometheus.json],methods=[GET],produces=[application/vnd.spring-boot.actuator.v1+json || application/json]}" onto public java.lang.Object org.springframework.boot.actuate.endpoint.mvc.EndpointMvcAdapter.invoke()
2018-03-20 16:57:53.189  INFO [/] 48863 --- [           main] o.s.b.a.e.mvc.EndpointHandlerMapping     : Mapped "{[/autoconfig || /autoconfig.json],methods=[GET],produces=[application/vnd.spring-boot.actuator.v1+json || application/json]}" onto public java.lang.Object org.springframework.boot.actuate.endpoint.mvc.EndpointMvcAdapter.invoke()
2018-03-20 16:57:53.190  INFO [/] 48863 --- [           main] o.s.b.a.e.mvc.EndpointHandlerMapping     : Mapped "{[/trace || /trace.json],methods=[GET],produces=[application/vnd.spring-boot.actuator.v1+json || application/json]}" onto public java.lang.Object org.springframework.boot.actuate.endpoint.mvc.EndpointMvcAdapter.invoke()
2018-03-20 16:57:53.190  INFO [/] 48863 --- [           main] o.s.b.a.e.mvc.EndpointHandlerMapping     : Mapped "{[/configprops || /configprops.json],methods=[GET],produces=[application/vnd.spring-boot.actuator.v1+json || application/json]}" onto public java.lang.Object org.springframework.boot.actuate.endpoint.mvc.EndpointMvcAdapter.invoke()
2018-03-20 16:57:53.191  INFO [/] 48863 --- [           main] o.s.b.a.e.mvc.EndpointHandlerMapping     : Mapped "{[/heapdump || /heapdump.json],methods=[GET],produces=[application/octet-stream]}" onto public void org.springframework.boot.actuate.endpoint.mvc.HeapdumpMvcEndpoint.invoke(boolean,javax.servlet.http.HttpServletRequest,javax.servlet.http.HttpServletResponse) throws java.io.IOException,javax.servlet.ServletException
2018-03-20 16:57:53.192  INFO [/] 48863 --- [           main] o.s.b.a.e.mvc.EndpointHandlerMapping     : Mapped "{[/auditevents || /auditevents.json],methods=[GET],produces=[application/vnd.spring-boot.actuator.v1+json || application/json]}" onto public org.springframework.http.ResponseEntity<?> org.springframework.boot.actuate.endpoint.mvc.AuditEventsMvcEndpoint.findByPrincipalAndAfterAndType(java.lang.String,java.util.Date,java.lang.String)
2018-03-20 16:57:53.193  INFO [/] 48863 --- [           main] o.s.b.a.e.mvc.EndpointHandlerMapping     : Mapped "{[/env/{name:.*}],methods=[GET],produces=[application/vnd.spring-boot.actuator.v1+json || application/json]}" onto public java.lang.Object org.springframework.boot.actuate.endpoint.mvc.EnvironmentMvcEndpoint.value(java.lang.String)
2018-03-20 16:57:53.196  INFO [/] 48863 --- [           main] o.s.b.a.e.mvc.EndpointHandlerMapping     : Mapped "{[/env || /env.json],methods=[GET],produces=[application/vnd.spring-boot.actuator.v1+json || application/json]}" onto public java.lang.Object org.springframework.boot.actuate.endpoint.mvc.EndpointMvcAdapter.invoke()
2018-03-20 16:57:53.197  INFO [/] 48863 --- [           main] o.s.b.a.e.mvc.EndpointHandlerMapping     : Mapped "{[/info || /info.json],methods=[GET],produces=[application/vnd.spring-boot.actuator.v1+json || application/json]}" onto public java.lang.Object org.springframework.boot.actuate.endpoint.mvc.EndpointMvcAdapter.invoke()
2018-03-20 16:57:53.200  INFO [/] 48863 --- [           main] o.s.b.a.e.mvc.EndpointHandlerMapping     : Mapped "{[/loggers/{name:.*}],methods=[GET],produces=[application/vnd.spring-boot.actuator.v1+json || application/json]}" onto public java.lang.Object org.springframework.boot.actuate.endpoint.mvc.LoggersMvcEndpoint.get(java.lang.String)
2018-03-20 16:57:53.201  INFO [/] 48863 --- [           main] o.s.b.a.e.mvc.EndpointHandlerMapping     : Mapped "{[/loggers/{name:.*}],methods=[POST],consumes=[application/vnd.spring-boot.actuator.v1+json || application/json],produces=[application/vnd.spring-boot.actuator.v1+json || application/json]}" onto public java.lang.Object org.springframework.boot.actuate.endpoint.mvc.LoggersMvcEndpoint.set(java.lang.String,java.util.Map<java.lang.String, java.lang.String>)
2018-03-20 16:57:53.202  INFO [/] 48863 --- [           main] o.s.b.a.e.mvc.EndpointHandlerMapping     : Mapped "{[/loggers || /loggers.json],methods=[GET],produces=[application/vnd.spring-boot.actuator.v1+json || application/json]}" onto public java.lang.Object org.springframework.boot.actuate.endpoint.mvc.EndpointMvcAdapter.invoke()
2018-03-20 16:57:53.207  INFO [/] 48863 --- [           main] o.s.b.a.e.mvc.EndpointHandlerMapping     : Mapped "{[/dump || /dump.json],methods=[GET],produces=[application/vnd.spring-boot.actuator.v1+json || application/json]}" onto public java.lang.Object org.springframework.boot.actuate.endpoint.mvc.EndpointMvcAdapter.invoke()
2018-03-20 16:57:53.216  INFO [/] 48863 --- [           main] o.s.b.a.e.mvc.EndpointHandlerMapping     : Mapped "{[/health || /health.json],methods=[GET],produces=[application/vnd.spring-boot.actuator.v1+json || application/json]}" onto public java.lang.Object org.springframework.boot.actuate.endpoint.mvc.HealthMvcEndpoint.invoke(javax.servlet.http.HttpServletRequest,java.security.Principal)
2018-03-20 16:57:53.219  INFO [/] 48863 --- [           main] o.s.b.a.e.mvc.EndpointHandlerMapping     : Mapped "{[/mappings || /mappings.json],methods=[GET],produces=[application/vnd.spring-boot.actuator.v1+json || application/json]}" onto public java.lang.Object org.springframework.boot.actuate.endpoint.mvc.EndpointMvcAdapter.invoke()
2018-03-20 16:57:53.221  INFO [/] 48863 --- [           main] o.s.b.a.e.mvc.EndpointHandlerMapping     : Mapped "{[/metrics/{name:.*}],methods=[GET],produces=[application/vnd.spring-boot.actuator.v1+json || application/json]}" onto public java.lang.Object org.springframework.boot.actuate.endpoint.mvc.MetricsMvcEndpoint.value(java.lang.String)
2018-03-20 16:57:53.222  INFO [/] 48863 --- [           main] o.s.b.a.e.mvc.EndpointHandlerMapping     : Mapped "{[/metrics || /metrics.json],methods=[GET],produces=[application/vnd.spring-boot.actuator.v1+json || application/json]}" onto public java.lang.Object org.springframework.boot.actuate.endpoint.mvc.EndpointMvcAdapter.invoke()
2018-03-20 16:57:53.493  INFO [/] 48863 --- [           main] o.s.j.e.a.AnnotationMBeanExporter        : Registering beans for JMX exposure on startup
2018-03-20 16:57:53.507  INFO [/] 48863 --- [           main] o.s.c.support.DefaultLifecycleProcessor  : Starting beans in phase 0
2018-03-20 16:57:53.729  INFO [/] 48863 --- [           main] b.c.e.u.UndertowEmbeddedServletContainer : Undertow started on port(s) 9411 (http)
2018-03-20 16:57:53.739  INFO [/] 48863 --- [           main] zipkin.server.ZipkinServer               : Started ZipkinServer in 9.948 seconds (JVM running for 11.479)
2018-03-20 16:58:04.468  INFO [/] 48863 --- [  XNIO-2 task-1] io.undertow.servlet                      : Initializing Spring FrameworkServlet 'dispatcherServlet'
2018-03-20 16:58:04.468  INFO [/] 48863 --- [  XNIO-2 task-1] o.s.web.servlet.DispatcherServlet        : FrameworkServlet 'dispatcherServlet': initialization started
2018-03-20 16:58:04.509  INFO [/] 48863 --- [  XNIO-2 task-1] o.s.web.servlet.DispatcherServlet        : FrameworkServlet 'dispatcherServlet': initialization completed in 41 ms
2018-03-26 00:10:11.381  INFO [/] 48863 --- [       Thread-2] ationConfigEmbeddedWebApplicationContext : Closing org.springframework.boot.context.embedded.AnnotationConfigEmbeddedWebApplicationContext@598067a5: startup date [Tue Mar 20 16:57:44 CST 2018]; root of context hierarchy
2018-03-26 00:10:11.500  INFO [/] 48863 --- [       Thread-2] o.s.c.support.DefaultLifecycleProcessor  : Stopping beans in phase 0
2018-03-26 00:10:11.528  INFO [/] 48863 --- [       Thread-2] o.s.j.e.a.AnnotationMBeanExporter        : Unregistering JMX-exposed beans on shutdown
2018-03-26 00:10:11.577  INFO [/] 48863 --- [       Thread-2] io.undertow.servlet                      : Destroying Spring FrameworkServlet 'dispatcherServlet'
                                    ********
                                  **        **
                                 *            *
                                **            **
                                **            **
                                 **          **
                                  **        **
                                    ********
                                      ****
                                      ****
        ****                          ****
     ******                           ****                                 ***
  ****************************************************************************
    *******                           ****                                 ***
        ****                          ****
                                       **
                                       **


             *****      **     *****     ** **       **     **   **
               **       **     **  *     ***         **     **** **
              **        **     *****     ****        **     **  ***
             ******     **     **        **  **      **     **   **

:: Powered by Spring Boot ::         (v1.5.10.RELEASE)

2018-03-29 18:06:06.346  INFO [/] 16268 --- [           main] zipkin.server.ZipkinServer               : Starting ZipkinServer on yuyideMacBook-Pro.local with PID 16268 (/Users/yuyi/Code/go/gokit/grpc/zipkin/zipkin-server-2.6.0-exec.jar started by yuyi in /Users/yuyi/Code/go/gokit/grpc/zipkin)
2018-03-29 18:06:06.351  INFO [/] 16268 --- [           main] zipkin.server.ZipkinServer               : The following profiles are active: shared
2018-03-29 18:06:06.481  INFO [/] 16268 --- [           main] ationConfigEmbeddedWebApplicationContext : Refreshing org.springframework.boot.context.embedded.AnnotationConfigEmbeddedWebApplicationContext@598067a5: startup date [Thu Mar 29 18:06:06 HKT 2018]; root of context hierarchy
2018-03-29 18:06:08.067  INFO [/] 16268 --- [           main] o.s.b.f.s.DefaultListableBeanFactory     : Overriding bean definition for bean 'characterEncodingFilter' with a different definition: replacing [Root bean: class [null]; scope=; abstract=false; lazyInit=false; autowireMode=3; dependencyCheck=0; autowireCandidate=true; primary=false; factoryBeanName=org.springframework.boot.autoconfigure.web.HttpEncodingAutoConfiguration; factoryMethodName=characterEncodingFilter; initMethodName=null; destroyMethodName=(inferred); defined in class path resource [org/springframework/boot/autoconfigure/web/HttpEncodingAutoConfiguration.class]] with [Root bean: class [null]; scope=; abstract=false; lazyInit=false; autowireMode=3; dependencyCheck=0; autowireCandidate=true; primary=false; factoryBeanName=zipkin.autoconfigure.ui.ZipkinUiAutoConfiguration; factoryMethodName=characterEncodingFilter; initMethodName=null; destroyMethodName=(inferred); defined in class path resource [zipkin/autoconfigure/ui/ZipkinUiAutoConfiguration.class]]
2018-03-29 18:06:10.302  INFO [/] 16268 --- [           main] org.xnio                                 : XNIO version 3.3.8.Final
2018-03-29 18:06:10.342  INFO [/] 16268 --- [           main] org.xnio.nio                             : XNIO NIO Implementation Version 3.3.8.Final
2018-03-29 18:06:10.534  WARN [/] 16268 --- [           main] io.undertow.websockets.jsr               : UT026009: XNIO worker was not set on WebSocketDeploymentInfo, the default worker will be used
2018-03-29 18:06:10.534  WARN [/] 16268 --- [           main] io.undertow.websockets.jsr               : UT026010: Buffer pool was not set on WebSocketDeploymentInfo, the default pool will be used
2018-03-29 18:06:10.573  INFO [/] 16268 --- [           main] io.undertow.servlet                      : Initializing Spring embedded WebApplicationContext
2018-03-29 18:06:10.573  INFO [/] 16268 --- [           main] o.s.web.context.ContextLoader            : Root WebApplicationContext: initialization completed in 4099 ms
2018-03-29 18:06:11.283  INFO [/] 16268 --- [           main] o.s.b.w.servlet.ServletRegistrationBean  : Mapping servlet: 'dispatcherServlet' to [/]
2018-03-29 18:06:11.300  INFO [/] 16268 --- [           main] o.s.b.w.servlet.FilterRegistrationBean   : Mapping filter: 'metricsFilter' to: [/*]
2018-03-29 18:06:11.302  INFO [/] 16268 --- [           main] o.s.b.w.servlet.FilterRegistrationBean   : Mapping filter: 'hiddenHttpMethodFilter' to: [/*]
2018-03-29 18:06:11.302  INFO [/] 16268 --- [           main] o.s.b.w.servlet.FilterRegistrationBean   : Mapping filter: 'httpPutFormContentFilter' to: [/*]
2018-03-29 18:06:11.302  INFO [/] 16268 --- [           main] o.s.b.w.servlet.FilterRegistrationBean   : Mapping filter: 'requestContextFilter' to: [/*]
2018-03-29 18:06:11.302  INFO [/] 16268 --- [           main] o.s.b.w.servlet.FilterRegistrationBean   : Mapping filter: 'webRequestLoggingFilter' to: [/*]
2018-03-29 18:06:11.303  INFO [/] 16268 --- [           main] o.s.b.w.servlet.FilterRegistrationBean   : Mapping filter: 'applicationContextIdFilter' to: [/*]
2018-03-29 18:06:11.303  INFO [/] 16268 --- [           main] o.s.b.w.servlet.FilterRegistrationBean   : Mapping filter: 'characterEncodingFilter' to: [/*]
2018-03-29 18:06:12.469  INFO [/] 16268 --- [           main] s.w.s.m.m.a.RequestMappingHandlerAdapter : Looking for @ControllerAdvice: org.springframework.boot.context.embedded.AnnotationConfigEmbeddedWebApplicationContext@598067a5: startup date [Thu Mar 29 18:06:06 HKT 2018]; root of context hierarchy
2018-03-29 18:06:12.685  INFO [/] 16268 --- [           main] s.w.s.m.m.a.RequestMappingHandlerMapping : Mapped "{[/api/v1/dependencies],methods=[GET],produces=[application/json]}" onto public byte[] zipkin.server.ZipkinQueryApiV1.getDependencies(long,java.lang.Long)
2018-03-29 18:06:12.687  INFO [/] 16268 --- [           main] s.w.s.m.m.a.RequestMappingHandlerMapping : Mapped "{[/api/v1/services],methods=[GET]}" onto public org.springframework.http.ResponseEntity<java.util.List<java.lang.String>> zipkin.server.ZipkinQueryApiV1.getServiceNames()
2018-03-29 18:06:12.687  INFO [/] 16268 --- [           main] s.w.s.m.m.a.RequestMappingHandlerMapping : Mapped "{[/api/v1/spans],methods=[GET]}" onto public org.springframework.http.ResponseEntity<java.util.List<java.lang.String>> zipkin.server.ZipkinQueryApiV1.getSpanNames(java.lang.String)
2018-03-29 18:06:12.688  INFO [/] 16268 --- [           main] s.w.s.m.m.a.RequestMappingHandlerMapping : Mapped "{[/api/v1/traces],methods=[GET],produces=[application/json]}" onto public java.lang.String zipkin.server.ZipkinQueryApiV1.getTraces(java.lang.String,java.lang.String,java.lang.String,java.lang.Long,java.lang.Long,java.lang.Long,java.lang.Long,java.lang.Integer)
2018-03-29 18:06:12.688  INFO [/] 16268 --- [           main] s.w.s.m.m.a.RequestMappingHandlerMapping : Mapped "{[/api/v1/trace/{traceIdHex}],methods=[GET],produces=[application/json]}" onto public java.lang.String zipkin.server.ZipkinQueryApiV1.getTrace(java.lang.String,org.springframework.web.context.request.WebRequest)
2018-03-29 18:06:12.691  INFO [/] 16268 --- [           main] s.w.s.m.m.a.RequestMappingHandlerMapping : Mapped "{[/api/v2/dependencies],methods=[GET],produces=[application/json]}" onto public byte[] zipkin.server.ZipkinQueryApiV2.getDependencies(long,java.lang.Long) throws java.io.IOException
2018-03-29 18:06:12.691  INFO [/] 16268 --- [           main] s.w.s.m.m.a.RequestMappingHandlerMapping : Mapped "{[/api/v2/services],methods=[GET]}" onto public org.springframework.http.ResponseEntity<java.util.List<java.lang.String>> zipkin.server.ZipkinQueryApiV2.getServiceNames() throws java.io.IOException
2018-03-29 18:06:12.692  INFO [/] 16268 --- [           main] s.w.s.m.m.a.RequestMappingHandlerMapping : Mapped "{[/api/v2/spans],methods=[GET]}" onto public org.springframework.http.ResponseEntity<java.util.List<java.lang.String>> zipkin.server.ZipkinQueryApiV2.getSpanNames(java.lang.String) throws java.io.IOException
2018-03-29 18:06:12.692  INFO [/] 16268 --- [           main] s.w.s.m.m.a.RequestMappingHandlerMapping : Mapped "{[/api/v2/traces],methods=[GET],produces=[application/json]}" onto public java.lang.String zipkin.server.ZipkinQueryApiV2.getTraces(java.lang.String,java.lang.String,java.lang.String,java.lang.Long,java.lang.Long,java.lang.Long,java.lang.Long,int) throws java.io.IOException
2018-03-29 18:06:12.692  INFO [/] 16268 --- [           main] s.w.s.m.m.a.RequestMappingHandlerMapping : Mapped "{[/api/v2/trace/{traceIdHex}],methods=[GET],produces=[application/json]}" onto public java.lang.String zipkin.server.ZipkinQueryApiV2.getTrace(java.lang.String,org.springframework.web.context.request.WebRequest) throws java.io.IOException
2018-03-29 18:06:12.694  INFO [/] 16268 --- [           main] s.w.s.m.m.a.RequestMappingHandlerMapping : Mapped "{[/error]}" onto public org.springframework.http.ResponseEntity<java.util.Map<java.lang.String, java.lang.Object>> org.springframework.boot.autoconfigure.web.BasicErrorController.error(javax.servlet.http.HttpServletRequest)
2018-03-29 18:06:12.695  INFO [/] 16268 --- [           main] s.w.s.m.m.a.RequestMappingHandlerMapping : Mapped "{[/error],produces=[text/html]}" onto public org.springframework.web.servlet.ModelAndView org.springframework.boot.autoconfigure.web.BasicErrorController.errorHtml(javax.servlet.http.HttpServletRequest,javax.servlet.http.HttpServletResponse)
2018-03-29 18:06:12.702  INFO [/] 16268 --- [           main] s.w.s.m.m.a.RequestMappingHandlerMapping : Mapped "{[/zipkin/config.json],methods=[GET]}" onto public org.springframework.http.ResponseEntity<zipkin.autoconfigure.ui.ZipkinUiProperties> zipkin.autoconfigure.ui.ZipkinUiAutoConfiguration.serveUiConfig()
2018-03-29 18:06:12.703  INFO [/] 16268 --- [           main] s.w.s.m.m.a.RequestMappingHandlerMapping : Mapped "{[/zipkin/index.html],methods=[GET]}" onto public org.springframework.http.ResponseEntity<?> zipkin.autoconfigure.ui.ZipkinUiAutoConfiguration.serveIndex() throws java.io.IOException
2018-03-29 18:06:12.703  INFO [/] 16268 --- [           main] s.w.s.m.m.a.RequestMappingHandlerMapping : Mapped "{[/zipkin/ || /zipkin/traces/{id} || /zipkin/dependency || /zipkin/traceViewer],methods=[GET]}" onto public org.springframework.web.servlet.ModelAndView zipkin.autoconfigure.ui.ZipkinUiAutoConfiguration.forwardUiEndpoints()
2018-03-29 18:06:12.703  INFO [/] 16268 --- [           main] s.w.s.m.m.a.RequestMappingHandlerMapping : Mapped "{[/zipkin/api/**],methods=[GET]}" onto public org.springframework.web.servlet.ModelAndView zipkin.autoconfigure.ui.ZipkinUiAutoConfiguration.forwardApi(javax.servlet.http.HttpServletRequest)
2018-03-29 18:06:12.704  INFO [/] 16268 --- [           main] s.w.s.m.m.a.RequestMappingHandlerMapping : Mapped "{[/favicon.ico],methods=[GET]}" onto public org.springframework.web.servlet.ModelAndView zipkin.autoconfigure.ui.ZipkinUiAutoConfiguration.favicon()
2018-03-29 18:06:12.705  INFO [/] 16268 --- [           main] s.w.s.m.m.a.RequestMappingHandlerMapping : Mapped "{[/],methods=[GET]}" onto public void zipkin.autoconfigure.ui.ZipkinUiAutoConfiguration.redirectRoot(javax.servlet.http.HttpServletResponse) throws java.io.IOException
2018-03-29 18:06:12.787  INFO [/] 16268 --- [           main] o.s.w.s.handler.SimpleUrlHandlerMapping  : Mapped URL path [/webjars/**] onto handler of type [class org.springframework.web.servlet.resource.ResourceHttpRequestHandler]
2018-03-29 18:06:12.788  INFO [/] 16268 --- [           main] o.s.w.s.handler.SimpleUrlHandlerMapping  : Mapped URL path [/**] onto handler of type [class org.springframework.web.servlet.resource.ResourceHttpRequestHandler]
2018-03-29 18:06:12.788  INFO [/] 16268 --- [           main] o.s.w.s.handler.SimpleUrlHandlerMapping  : Mapped URL path [/zipkin/**] onto handler of type [class org.springframework.web.servlet.resource.ResourceHttpRequestHandler]
2018-03-29 18:06:13.056  INFO [/] 16268 --- [           main] c.d.driver.core.GuavaCompatibility       : Detected Guava >= 19 in the classpath, using modern compatibility layer
2018-03-29 18:06:13.674  INFO [/] 16268 --- [           main] com.datastax.driver.core.ClockFactory    : Using native clock to generate timestamps.
2018-03-29 18:06:14.539  INFO [/] 16268 --- [           main] o.s.b.a.e.mvc.EndpointHandlerMapping     : Mapped "{[/beans || /beans.json],methods=[GET],produces=[application/vnd.spring-boot.actuator.v1+json || application/json]}" onto public java.lang.Object org.springframework.boot.actuate.endpoint.mvc.EndpointMvcAdapter.invoke()
2018-03-29 18:06:14.554  INFO [/] 16268 --- [           main] o.s.b.a.e.mvc.EndpointHandlerMapping     : Mapped "{[/metrics/{name:.*}],methods=[GET],produces=[application/vnd.spring-boot.actuator.v1+json || application/json]}" onto public java.lang.Object org.springframework.boot.actuate.endpoint.mvc.MetricsMvcEndpoint.value(java.lang.String)
2018-03-29 18:06:14.554  INFO [/] 16268 --- [           main] o.s.b.a.e.mvc.EndpointHandlerMapping     : Mapped "{[/metrics || /metrics.json],methods=[GET],produces=[application/vnd.spring-boot.actuator.v1+json || application/json]}" onto public java.lang.Object org.springframework.boot.actuate.endpoint.mvc.EndpointMvcAdapter.invoke()
2018-03-29 18:06:14.555  INFO [/] 16268 --- [           main] o.s.b.a.e.mvc.EndpointHandlerMapping     : Mapped "{[/info || /info.json],methods=[GET],produces=[application/vnd.spring-boot.actuator.v1+json || application/json]}" onto public java.lang.Object org.springframework.boot.actuate.endpoint.mvc.EndpointMvcAdapter.invoke()
2018-03-29 18:06:14.557  INFO [/] 16268 --- [           main] o.s.b.a.e.mvc.EndpointHandlerMapping     : Mapped "{[/prometheus || /prometheus.json],methods=[GET],produces=[*/*]}" onto public org.springframework.http.ResponseEntity io.prometheus.client.spring.boot.PrometheusMvcEndpoint.value(java.util.Set<java.lang.String>)
2018-03-29 18:06:14.558  INFO [/] 16268 --- [           main] o.s.b.a.e.mvc.EndpointHandlerMapping     : Mapped "{[/prometheus || /prometheus.json],methods=[GET],produces=[application/vnd.spring-boot.actuator.v1+json || application/json]}" onto public java.lang.Object org.springframework.boot.actuate.endpoint.mvc.EndpointMvcAdapter.invoke()
2018-03-29 18:06:14.559  INFO [/] 16268 --- [           main] o.s.b.a.e.mvc.EndpointHandlerMapping     : Mapped "{[/env/{name:.*}],methods=[GET],produces=[application/vnd.spring-boot.actuator.v1+json || application/json]}" onto public java.lang.Object org.springframework.boot.actuate.endpoint.mvc.EnvironmentMvcEndpoint.value(java.lang.String)
2018-03-29 18:06:14.559  INFO [/] 16268 --- [           main] o.s.b.a.e.mvc.EndpointHandlerMapping     : Mapped "{[/env || /env.json],methods=[GET],produces=[application/vnd.spring-boot.actuator.v1+json || application/json]}" onto public java.lang.Object org.springframework.boot.actuate.endpoint.mvc.EndpointMvcAdapter.invoke()
2018-03-29 18:06:14.561  INFO [/] 16268 --- [           main] o.s.b.a.e.mvc.EndpointHandlerMapping     : Mapped "{[/loggers/{name:.*}],methods=[GET],produces=[application/vnd.spring-boot.actuator.v1+json || application/json]}" onto public java.lang.Object org.springframework.boot.actuate.endpoint.mvc.LoggersMvcEndpoint.get(java.lang.String)
2018-03-29 18:06:14.562  INFO [/] 16268 --- [           main] o.s.b.a.e.mvc.EndpointHandlerMapping     : Mapped "{[/loggers/{name:.*}],methods=[POST],consumes=[application/vnd.spring-boot.actuator.v1+json || application/json],produces=[application/vnd.spring-boot.actuator.v1+json || application/json]}" onto public java.lang.Object org.springframework.boot.actuate.endpoint.mvc.LoggersMvcEndpoint.set(java.lang.String,java.util.Map<java.lang.String, java.lang.String>)
2018-03-29 18:06:14.562  INFO [/] 16268 --- [           main] o.s.b.a.e.mvc.EndpointHandlerMapping     : Mapped "{[/loggers || /loggers.json],methods=[GET],produces=[application/vnd.spring-boot.actuator.v1+json || application/json]}" onto public java.lang.Object org.springframework.boot.actuate.endpoint.mvc.EndpointMvcAdapter.invoke()
2018-03-29 18:06:14.564  INFO [/] 16268 --- [           main] o.s.b.a.e.mvc.EndpointHandlerMapping     : Mapped "{[/mappings || /mappings.json],methods=[GET],produces=[application/vnd.spring-boot.actuator.v1+json || application/json]}" onto public java.lang.Object org.springframework.boot.actuate.endpoint.mvc.EndpointMvcAdapter.invoke()
2018-03-29 18:06:14.565  INFO [/] 16268 --- [           main] o.s.b.a.e.mvc.EndpointHandlerMapping     : Mapped "{[/trace || /trace.json],methods=[GET],produces=[application/vnd.spring-boot.actuator.v1+json || application/json]}" onto public java.lang.Object org.springframework.boot.actuate.endpoint.mvc.EndpointMvcAdapter.invoke()
2018-03-29 18:06:14.565  INFO [/] 16268 --- [           main] o.s.b.a.e.mvc.EndpointHandlerMapping     : Mapped "{[/heapdump || /heapdump.json],methods=[GET],produces=[application/octet-stream]}" onto public void org.springframework.boot.actuate.endpoint.mvc.HeapdumpMvcEndpoint.invoke(boolean,javax.servlet.http.HttpServletRequest,javax.servlet.http.HttpServletResponse) throws java.io.IOException,javax.servlet.ServletException
2018-03-29 18:06:14.566  INFO [/] 16268 --- [           main] o.s.b.a.e.mvc.EndpointHandlerMapping     : Mapped "{[/auditevents || /auditevents.json],methods=[GET],produces=[application/vnd.spring-boot.actuator.v1+json || application/json]}" onto public org.springframework.http.ResponseEntity<?> org.springframework.boot.actuate.endpoint.mvc.AuditEventsMvcEndpoint.findByPrincipalAndAfterAndType(java.lang.String,java.util.Date,java.lang.String)
2018-03-29 18:06:14.567  INFO [/] 16268 --- [           main] o.s.b.a.e.mvc.EndpointHandlerMapping     : Mapped "{[/autoconfig || /autoconfig.json],methods=[GET],produces=[application/vnd.spring-boot.actuator.v1+json || application/json]}" onto public java.lang.Object org.springframework.boot.actuate.endpoint.mvc.EndpointMvcAdapter.invoke()
2018-03-29 18:06:14.568  INFO [/] 16268 --- [           main] o.s.b.a.e.mvc.EndpointHandlerMapping     : Mapped "{[/configprops || /configprops.json],methods=[GET],produces=[application/vnd.spring-boot.actuator.v1+json || application/json]}" onto public java.lang.Object org.springframework.boot.actuate.endpoint.mvc.EndpointMvcAdapter.invoke()
2018-03-29 18:06:14.569  INFO [/] 16268 --- [           main] o.s.b.a.e.mvc.EndpointHandlerMapping     : Mapped "{[/dump || /dump.json],methods=[GET],produces=[application/vnd.spring-boot.actuator.v1+json || application/json]}" onto public java.lang.Object org.springframework.boot.actuate.endpoint.mvc.EndpointMvcAdapter.invoke()
2018-03-29 18:06:14.570  INFO [/] 16268 --- [           main] o.s.b.a.e.mvc.EndpointHandlerMapping     : Mapped "{[/health || /health.json],methods=[GET],produces=[application/vnd.spring-boot.actuator.v1+json || application/json]}" onto public java.lang.Object org.springframework.boot.actuate.endpoint.mvc.HealthMvcEndpoint.invoke(javax.servlet.http.HttpServletRequest,java.security.Principal)
2018-03-29 18:06:14.923  INFO [/] 16268 --- [           main] o.s.j.e.a.AnnotationMBeanExporter        : Registering beans for JMX exposure on startup
2018-03-29 18:06:14.943  INFO [/] 16268 --- [           main] o.s.c.support.DefaultLifecycleProcessor  : Starting beans in phase 0
2018-03-29 18:06:15.214  INFO [/] 16268 --- [           main] b.c.e.u.UndertowEmbeddedServletContainer : Undertow started on port(s) 9411 (http)
2018-03-29 18:06:15.225  INFO [/] 16268 --- [           main] zipkin.server.ZipkinServer               : Started ZipkinServer in 9.772 seconds (JVM running for 10.969)
